1638337572060	geckodriver	INFO	Listening on 127.0.0.1:57202
1638337572082	mozrunner::runner	INFO	Running command: "/Applications/Firefox.app/Contents/MacOS/firefox-bin" "--marionette" "--headless" "-foreground" "-no-remote" "-profile" "/var/folders/zj/64pcvrn117b35wx61ttyc22dy4rksl/T/rust_mozprofileOE7RP1"
*** You are running in headless mode.
console.error: Policies.jsm: 
  Unable to find certificate - gnm_root_ca.cer
1638337572424	Marionette	INFO	Marionette enabled
[GFX1-]: RenderCompositorSWGL failed mapping default framebuffer, no dt
console.warn: SearchSettings: "get: No settings file exists, new profile?" (new NotFoundError("Could not open the file at /var/folders/zj/64pcvrn117b35wx61ttyc22dy4rksl/T/rust_mozprofileOE7RP1/search.json.mozlz4", (void 0)))
console.error: BackgroundUpdate: 
  _reasonsToNotScheduleUpdates: Failed to check for Maintenance Service Registry Key: [Exception... "Component returned failure code: 0x80004001 (NS_ERROR_NOT_IMPLEMENTED) [nsIUpdateProcessor.getServiceRegKeyExists]"  nsresult: "0x80004001 (NS_ERROR_NOT_IMPLEMENTED)"  location: "JS frame :: resource://gre/modules/BackgroundUpdate.jsm :: _reasonsToNotScheduleUpdates :: line 243"  data: no]
1638337573321	Marionette	INFO	Listening on port 57211
1638337573346	RemoteAgent	WARN	TLS certificate errors will be ignored for this session
JavaScript error: https://www.cse.lk/polyfills-es2015.3020b94c9deb9596b1d2.js, line 1: NotSupportedError: CustomElementRegistry.define: 'df-message-list' has already been defined as a custom element
JavaScript error: https://www.cse.lk/polyfills-es2015.3020b94c9deb9596b1d2.js, line 1: NotSupportedError: CustomElementRegistry.define: 'df-message-list' has already been defined as a custom element
JavaScript error: https://www.cse.lk/polyfills-es2015.3020b94c9deb9596b1d2.js, line 1: NotSupportedError: CustomElementRegistry.define: 'df-message-list' has already been defined as a custom element
1638337913456	geckodriver	INFO	Listening on 127.0.0.1:57813
1638337913465	mozrunner::runner	INFO	Running command: "/Applications/Firefox.app/Contents/MacOS/firefox-bin" "--marionette" "--headless" "-foreground" "-no-remote" "-profile" "/var/folders/zj/64pcvrn117b35wx61ttyc22dy4rksl/T/rust_mozprofilekgyTA2"
*** You are running in headless mode.
console.error: Policies.jsm: 
  Unable to find certificate - gnm_root_ca.cer
1638337913740	Marionette	INFO	Marionette enabled
[GFX1-]: RenderCompositorSWGL failed mapping default framebuffer, no dt
console.warn: SearchSettings: "get: No settings file exists, new profile?" (new NotFoundError("Could not open the file at /var/folders/zj/64pcvrn117b35wx61ttyc22dy4rksl/T/rust_mozprofilekgyTA2/search.json.mozlz4", (void 0)))
console.error: BackgroundUpdate: 
  _reasonsToNotScheduleUpdates: Failed to check for Maintenance Service Registry Key: [Exception... "Component returned failure code: 0x80004001 (NS_ERROR_NOT_IMPLEMENTED) [nsIUpdateProcessor.getServiceRegKeyExists]"  nsresult: "0x80004001 (NS_ERROR_NOT_IMPLEMENTED)"  location: "JS frame :: resource://gre/modules/BackgroundUpdate.jsm :: _reasonsToNotScheduleUpdates :: line 243"  data: no]
1638337914620	Marionette	INFO	Listening on port 57822
1638337914716	RemoteAgent	WARN	TLS certificate errors will be ignored for this session
JavaScript error: https://www.cse.lk/polyfills-es2015.3020b94c9deb9596b1d2.js, line 1: NotSupportedError: CustomElementRegistry.define: 'df-message-list' has already been defined as a custom element
JavaScript error: https://www.cse.lk/polyfills-es2015.3020b94c9deb9596b1d2.js, line 1: NotSupportedError: CustomElementRegistry.define: 'df-message-list' has already been defined as a custom element
JavaScript error: https://www.cse.lk/polyfills-es2015.3020b94c9deb9596b1d2.js, line 1: NotSupportedError: CustomElementRegistry.define: 'df-message-list' has already been defined as a custom element
1638337930756	geckodriver	INFO	Listening on 127.0.0.1:57981
1638337930765	mozrunner::runner	INFO	Running command: "/Applications/Firefox.app/Contents/MacOS/firefox-bin" "--marionette" "-foreground" "-no-remote" "-profile" "/var/folders/zj/64pcvrn117b35wx61ttyc22dy4rksl/T/rust_mozprofileI66Qg6"
console.error: Policies.jsm: 
  Unable to find certificate - gnm_root_ca.cer
1638337931097	Marionette	INFO	Marionette enabled
console.warn: SearchSettings: "get: No settings file exists, new profile?" (new NotFoundError("Could not open the file at /var/folders/zj/64pcvrn117b35wx61ttyc22dy4rksl/T/rust_mozprofileI66Qg6/search.json.mozlz4", (void 0)))
console.error: BackgroundUpdate: 
  _reasonsToNotScheduleUpdates: Failed to check for Maintenance Service Registry Key: [Exception... "Component returned failure code: 0x80004001 (NS_ERROR_NOT_IMPLEMENTED) [nsIUpdateProcessor.getServiceRegKeyExists]"  nsresult: "0x80004001 (NS_ERROR_NOT_IMPLEMENTED)"  location: "JS frame :: resource://gre/modules/BackgroundUpdate.jsm :: _reasonsToNotScheduleUpdates :: line 243"  data: no]
1638337932447	Marionette	INFO	Listening on port 57990
1638337932525	RemoteAgent	WARN	TLS certificate errors will be ignored for this session
JavaScript error: https://www.cse.lk/polyfills-es2015.3020b94c9deb9596b1d2.js, line 1: NotSupportedError: CustomElementRegistry.define: 'df-message-list' has already been defined as a custom element
JavaScript error: https://www.cse.lk/polyfills-es2015.3020b94c9deb9596b1d2.js, line 1: NotSupportedError: CustomElementRegistry.define: 'df-message-list' has already been defined as a custom element
JavaScript error: https://www.cse.lk/polyfills-es2015.3020b94c9deb9596b1d2.js, line 1: NotSupportedError: CustomElementRegistry.define: 'df-message-list' has already been defined as a custom element
1638337983489	Marionette	INFO	Stopped listening on port 57990

###!!! [Parent][RunMessage] Error: Channel closing: too late to send/recv, messages will be lost

1638337986234	geckodriver	INFO	Listening on 127.0.0.1:58332
1638337986243	mozrunner::runner	INFO	Running command: "/Applications/Firefox.app/Contents/MacOS/firefox-bin" "--marionette" "-foreground" "-no-remote" "-profile" "/var/folders/zj/64pcvrn117b35wx61ttyc22dy4rksl/T/rust_mozprofilea3QKpH"
console.error: Policies.jsm: 
  Unable to find certificate - gnm_root_ca.cer
1638337986570	Marionette	INFO	Marionette enabled
console.warn: SearchSettings: "get: No settings file exists, new profile?" (new NotFoundError("Could not open the file at /var/folders/zj/64pcvrn117b35wx61ttyc22dy4rksl/T/rust_mozprofilea3QKpH/search.json.mozlz4", (void 0)))
console.error: BackgroundUpdate: 
  _reasonsToNotScheduleUpdates: Failed to check for Maintenance Service Registry Key: [Exception... "Component returned failure code: 0x80004001 (NS_ERROR_NOT_IMPLEMENTED) [nsIUpdateProcessor.getServiceRegKeyExists]"  nsresult: "0x80004001 (NS_ERROR_NOT_IMPLEMENTED)"  location: "JS frame :: resource://gre/modules/BackgroundUpdate.jsm :: _reasonsToNotScheduleUpdates :: line 243"  data: no]
1638337987955	Marionette	INFO	Listening on port 58341
1638337988011	RemoteAgent	WARN	TLS certificate errors will be ignored for this session
JavaScript error: https://www.cse.lk/polyfills-es2015.3020b94c9deb9596b1d2.js, line 1: NotSupportedError: CustomElementRegistry.define: 'df-message-list' has already been defined as a custom element
JavaScript error: https://www.cse.lk/polyfills-es2015.3020b94c9deb9596b1d2.js, line 1: NotSupportedError: CustomElementRegistry.define: 'df-message-list' has already been defined as a custom element
JavaScript error: https://www.cse.lk/polyfills-es2015.3020b94c9deb9596b1d2.js, line 1: NotSupportedError: CustomElementRegistry.define: 'df-message-list' has already been defined as a custom element
console.log: WebExtensions: reset-default-search: starting.
console.log: WebExtensions: reset-default-search: No addons in our list are installed.
1638338422450	geckodriver	INFO	Listening on 127.0.0.1:60316
1638338422459	mozrunner::runner	INFO	Running command: "/Applications/Firefox.app/Contents/MacOS/firefox-bin" "--marionette" "-foreground" "-no-remote" "-profile" "/var/folders/zj/64pcvrn117b35wx61ttyc22dy4rksl/T/rust_mozprofilemZxIVp"
console.error: Policies.jsm: 
  Unable to find certificate - gnm_root_ca.cer
1638338422806	Marionette	INFO	Marionette enabled
console.warn: SearchSettings: "get: No settings file exists, new profile?" (new NotFoundError("Could not open the file at /var/folders/zj/64pcvrn117b35wx61ttyc22dy4rksl/T/rust_mozprofilemZxIVp/search.json.mozlz4", (void 0)))
console.error: BackgroundUpdate: 
  _reasonsToNotScheduleUpdates: Failed to check for Maintenance Service Registry Key: [Exception... "Component returned failure code: 0x80004001 (NS_ERROR_NOT_IMPLEMENTED) [nsIUpdateProcessor.getServiceRegKeyExists]"  nsresult: "0x80004001 (NS_ERROR_NOT_IMPLEMENTED)"  location: "JS frame :: resource://gre/modules/BackgroundUpdate.jsm :: _reasonsToNotScheduleUpdates :: line 243"  data: no]
1638338424190	Marionette	INFO	Listening on port 60325
1638338424206	RemoteAgent	WARN	TLS certificate errors will be ignored for this session
console.log: WebExtensions: reset-default-search: starting.
console.log: WebExtensions: reset-default-search: No addons in our list are installed.
JavaScript error: https://www.cse.lk/polyfills-es2015.3020b94c9deb9596b1d2.js, line 1: NotSupportedError: CustomElementRegistry.define: 'df-message-list' has already been defined as a custom element
JavaScript error: https://www.cse.lk/polyfills-es2015.3020b94c9deb9596b1d2.js, line 1: NotSupportedError: CustomElementRegistry.define: 'df-message-list' has already been defined as a custom element
JavaScript error: https://www.cse.lk/polyfills-es2015.3020b94c9deb9596b1d2.js, line 1: NotSupportedError: CustomElementRegistry.define: 'df-message-list' has already been defined as a custom element
1638338437415	Marionette	INFO	Stopped listening on port 60325

###!!! [Parent][RunMessage] Error: Channel closing: too late to send/recv, messages will be lost

1638338439268	Marionette	INFO	Stopped listening on port 58341

###!!! [Parent][RunMessage] Error: Channel closing: too late to send/recv, messages will be lost

1638338664116	geckodriver	INFO	Listening on 127.0.0.1:61440
1638338664125	mozrunner::runner	INFO	Running command: "/Applications/Firefox.app/Contents/MacOS/firefox-bin" "--marionette" "--headless" "-foreground" "-no-remote" "-profile" "/var/folders/zj/64pcvrn117b35wx61ttyc22dy4rksl/T/rust_mozprofiletwBo45"
*** You are running in headless mode.
console.error: Policies.jsm: 
  Unable to find certificate - gnm_root_ca.cer
1638338664381	Marionette	INFO	Marionette enabled
[GFX1-]: RenderCompositorSWGL failed mapping default framebuffer, no dt
console.warn: SearchSettings: "get: No settings file exists, new profile?" (new NotFoundError("Could not open the file at /var/folders/zj/64pcvrn117b35wx61ttyc22dy4rksl/T/rust_mozprofiletwBo45/search.json.mozlz4", (void 0)))
console.error: BackgroundUpdate: 
  _reasonsToNotScheduleUpdates: Failed to check for Maintenance Service Registry Key: [Exception... "Component returned failure code: 0x80004001 (NS_ERROR_NOT_IMPLEMENTED) [nsIUpdateProcessor.getServiceRegKeyExists]"  nsresult: "0x80004001 (NS_ERROR_NOT_IMPLEMENTED)"  location: "JS frame :: resource://gre/modules/BackgroundUpdate.jsm :: _reasonsToNotScheduleUpdates :: line 243"  data: no]
1638338665183	Marionette	INFO	Listening on port 61449
1638338665273	RemoteAgent	WARN	TLS certificate errors will be ignored for this session
JavaScript error: https://www.cse.lk/polyfills-es2015.3020b94c9deb9596b1d2.js, line 1: NotSupportedError: CustomElementRegistry.define: 'df-message-list' has already been defined as a custom element
JavaScript error: https://www.cse.lk/polyfills-es2015.3020b94c9deb9596b1d2.js, line 1: NotSupportedError: CustomElementRegistry.define: 'df-message-list' has already been defined as a custom element
JavaScript error: https://www.cse.lk/polyfills-es2015.3020b94c9deb9596b1d2.js, line 1: NotSupportedError: CustomElementRegistry.define: 'df-message-list' has already been defined as a custom element
1638338677878	geckodriver	INFO	Listening on 127.0.0.1:61584
1638338677887	mozrunner::runner	INFO	Running command: "/Applications/Firefox.app/Contents/MacOS/firefox-bin" "--marionette" "--headless" "-foreground" "-no-remote" "-profile" "/var/folders/zj/64pcvrn117b35wx61ttyc22dy4rksl/T/rust_mozprofileR65RZX"
*** You are running in headless mode.
console.error: Policies.jsm: 
  Unable to find certificate - gnm_root_ca.cer
1638338678147	Marionette	INFO	Marionette enabled
[GFX1-]: RenderCompositorSWGL failed mapping default framebuffer, no dt
console.warn: SearchSettings: "get: No settings file exists, new profile?" (new NotFoundError("Could not open the file at /var/folders/zj/64pcvrn117b35wx61ttyc22dy4rksl/T/rust_mozprofileR65RZX/search.json.mozlz4", (void 0)))
console.error: BackgroundUpdate: 
  _reasonsToNotScheduleUpdates: Failed to check for Maintenance Service Registry Key: [Exception... "Component returned failure code: 0x80004001 (NS_ERROR_NOT_IMPLEMENTED) [nsIUpdateProcessor.getServiceRegKeyExists]"  nsresult: "0x80004001 (NS_ERROR_NOT_IMPLEMENTED)"  location: "JS frame :: resource://gre/modules/BackgroundUpdate.jsm :: _reasonsToNotScheduleUpdates :: line 243"  data: no]
1638338678958	Marionette	INFO	Listening on port 61593
1638338679027	RemoteAgent	WARN	TLS certificate errors will be ignored for this session
JavaScript error: https://www.cse.lk/polyfills-es2015.3020b94c9deb9596b1d2.js, line 1: NotSupportedError: CustomElementRegistry.define: 'df-message-list' has already been defined as a custom element
JavaScript error: https://www.cse.lk/polyfills-es2015.3020b94c9deb9596b1d2.js, line 1: NotSupportedError: CustomElementRegistry.define: 'df-message-list' has already been defined as a custom element
JavaScript error: https://www.cse.lk/polyfills-es2015.3020b94c9deb9596b1d2.js, line 1: NotSupportedError: CustomElementRegistry.define: 'df-message-list' has already been defined as a custom element
1638338682979	Marionette	INFO	Stopped listening on port 61593

###!!! [Parent][RunMessage] Error: Channel closing: too late to send/recv, messages will be lost

1638338752199	geckodriver	INFO	Listening on 127.0.0.1:61994
1638338752207	mozrunner::runner	INFO	Running command: "/Applications/Firefox.app/Contents/MacOS/firefox-bin" "--marionette" "--headless" "-foreground" "-no-remote" "-profile" "/var/folders/zj/64pcvrn117b35wx61ttyc22dy4rksl/T/rust_mozprofilezVBHef"
*** You are running in headless mode.
console.error: Policies.jsm: 
  Unable to find certificate - gnm_root_ca.cer
1638338752475	Marionette	INFO	Marionette enabled
[GFX1-]: RenderCompositorSWGL failed mapping default framebuffer, no dt
console.warn: SearchSettings: "get: No settings file exists, new profile?" (new NotFoundError("Could not open the file at /var/folders/zj/64pcvrn117b35wx61ttyc22dy4rksl/T/rust_mozprofilezVBHef/search.json.mozlz4", (void 0)))
console.error: BackgroundUpdate: 
  _reasonsToNotScheduleUpdates: Failed to check for Maintenance Service Registry Key: [Exception... "Component returned failure code: 0x80004001 (NS_ERROR_NOT_IMPLEMENTED) [nsIUpdateProcessor.getServiceRegKeyExists]"  nsresult: "0x80004001 (NS_ERROR_NOT_IMPLEMENTED)"  location: "JS frame :: resource://gre/modules/BackgroundUpdate.jsm :: _reasonsToNotScheduleUpdates :: line 243"  data: no]
1638338753297	Marionette	INFO	Listening on port 62003
1638338753361	RemoteAgent	WARN	TLS certificate errors will be ignored for this session
JavaScript error: https://www.cse.lk/polyfills-es2015.3020b94c9deb9596b1d2.js, line 1: NotSupportedError: CustomElementRegistry.define: 'df-message-list' has already been defined as a custom element
JavaScript error: https://www.cse.lk/polyfills-es2015.3020b94c9deb9596b1d2.js, line 1: NotSupportedError: CustomElementRegistry.define: 'df-message-list' has already been defined as a custom element
JavaScript error: https://www.cse.lk/polyfills-es2015.3020b94c9deb9596b1d2.js, line 1: NotSupportedError: CustomElementRegistry.define: 'df-message-list' has already been defined as a custom element
1638338758733	Marionette	INFO	Stopped listening on port 62003

###!!! [Parent][RunMessage] Error: Channel closing: too late to send/recv, messages will be lost

1638338829285	geckodriver	INFO	Listening on 127.0.0.1:62390
1638338829293	mozrunner::runner	INFO	Running command: "/Applications/Firefox.app/Contents/MacOS/firefox-bin" "--marionette" "--headless" "-foreground" "-no-remote" "-profile" "/var/folders/zj/64pcvrn117b35wx61ttyc22dy4rksl/T/rust_mozprofile9tZooD"
*** You are running in headless mode.
console.error: Policies.jsm: 
  Unable to find certificate - gnm_root_ca.cer
1638338829564	Marionette	INFO	Marionette enabled
[GFX1-]: RenderCompositorSWGL failed mapping default framebuffer, no dt
console.warn: SearchSettings: "get: No settings file exists, new profile?" (new NotFoundError("Could not open the file at /var/folders/zj/64pcvrn117b35wx61ttyc22dy4rksl/T/rust_mozprofile9tZooD/search.json.mozlz4", (void 0)))
console.error: BackgroundUpdate: 
  _reasonsToNotScheduleUpdates: Failed to check for Maintenance Service Registry Key: [Exception... "Component returned failure code: 0x80004001 (NS_ERROR_NOT_IMPLEMENTED) [nsIUpdateProcessor.getServiceRegKeyExists]"  nsresult: "0x80004001 (NS_ERROR_NOT_IMPLEMENTED)"  location: "JS frame :: resource://gre/modules/BackgroundUpdate.jsm :: _reasonsToNotScheduleUpdates :: line 243"  data: no]
1638338830380	Marionette	INFO	Listening on port 62399
1638338830433	RemoteAgent	WARN	TLS certificate errors will be ignored for this session
JavaScript error: https://www.cse.lk/polyfills-es2015.3020b94c9deb9596b1d2.js, line 1: NotSupportedError: CustomElementRegistry.define: 'df-message-list' has already been defined as a custom element
JavaScript error: https://www.cse.lk/polyfills-es2015.3020b94c9deb9596b1d2.js, line 1: NotSupportedError: CustomElementRegistry.define: 'df-message-list' has already been defined as a custom element
JavaScript error: https://www.cse.lk/polyfills-es2015.3020b94c9deb9596b1d2.js, line 1: NotSupportedError: CustomElementRegistry.define: 'df-message-list' has already been defined as a custom element
1638338834596	Marionette	INFO	Stopped listening on port 62399

###!!! [Parent][RunMessage] Error: Channel closing: too late to send/recv, messages will be lost

1638338844092	geckodriver	INFO	Listening on 127.0.0.1:62540
1638338844101	mozrunner::runner	INFO	Running command: "/Applications/Firefox.app/Contents/MacOS/firefox-bin" "--marionette" "--headless" "-foreground" "-no-remote" "-profile" "/var/folders/zj/64pcvrn117b35wx61ttyc22dy4rksl/T/rust_mozprofile9vakVG"
*** You are running in headless mode.
console.error: Policies.jsm: 
  Unable to find certificate - gnm_root_ca.cer
1638338844368	Marionette	INFO	Marionette enabled
[GFX1-]: RenderCompositorSWGL failed mapping default framebuffer, no dt
console.warn: SearchSettings: "get: No settings file exists, new profile?" (new NotFoundError("Could not open the file at /var/folders/zj/64pcvrn117b35wx61ttyc22dy4rksl/T/rust_mozprofile9vakVG/search.json.mozlz4", (void 0)))
console.error: BackgroundUpdate: 
  _reasonsToNotScheduleUpdates: Failed to check for Maintenance Service Registry Key: [Exception... "Component returned failure code: 0x80004001 (NS_ERROR_NOT_IMPLEMENTED) [nsIUpdateProcessor.getServiceRegKeyExists]"  nsresult: "0x80004001 (NS_ERROR_NOT_IMPLEMENTED)"  location: "JS frame :: resource://gre/modules/BackgroundUpdate.jsm :: _reasonsToNotScheduleUpdates :: line 243"  data: no]
1638338845179	Marionette	INFO	Listening on port 62549
1638338845253	RemoteAgent	WARN	TLS certificate errors will be ignored for this session
JavaScript error: https://www.cse.lk/polyfills-es2015.3020b94c9deb9596b1d2.js, line 1: NotSupportedError: CustomElementRegistry.define: 'df-message-list' has already been defined as a custom element
JavaScript error: https://www.cse.lk/polyfills-es2015.3020b94c9deb9596b1d2.js, line 1: NotSupportedError: CustomElementRegistry.define: 'df-message-list' has already been defined as a custom element
JavaScript error: https://www.cse.lk/polyfills-es2015.3020b94c9deb9596b1d2.js, line 1: NotSupportedError: CustomElementRegistry.define: 'df-message-list' has already been defined as a custom element
1638338848204	Marionette	INFO	Stopped listening on port 62549
1638338883976	geckodriver	INFO	Listening on 127.0.0.1:62785
1638338883985	mozrunner::runner	INFO	Running command: "/Applications/Firefox.app/Contents/MacOS/firefox-bin" "--marionette" "--headless" "-foreground" "-no-remote" "-profile" "/var/folders/zj/64pcvrn117b35wx61ttyc22dy4rksl/T/rust_mozprofileercRbA"
*** You are running in headless mode.
console.error: Policies.jsm: 
  Unable to find certificate - gnm_root_ca.cer
1638338884240	Marionette	INFO	Marionette enabled
[GFX1-]: RenderCompositorSWGL failed mapping default framebuffer, no dt
console.warn: SearchSettings: "get: No settings file exists, new profile?" (new NotFoundError("Could not open the file at /var/folders/zj/64pcvrn117b35wx61ttyc22dy4rksl/T/rust_mozprofileercRbA/search.json.mozlz4", (void 0)))
console.error: BackgroundUpdate: 
  _reasonsToNotScheduleUpdates: Failed to check for Maintenance Service Registry Key: [Exception... "Component returned failure code: 0x80004001 (NS_ERROR_NOT_IMPLEMENTED) [nsIUpdateProcessor.getServiceRegKeyExists]"  nsresult: "0x80004001 (NS_ERROR_NOT_IMPLEMENTED)"  location: "JS frame :: resource://gre/modules/BackgroundUpdate.jsm :: _reasonsToNotScheduleUpdates :: line 243"  data: no]
1638338885060	Marionette	INFO	Listening on port 62794
1638338885143	RemoteAgent	WARN	TLS certificate errors will be ignored for this session
JavaScript error: https://www.cse.lk/polyfills-es2015.3020b94c9deb9596b1d2.js, line 1: NotSupportedError: CustomElementRegistry.define: 'df-message-list' has already been defined as a custom element
JavaScript error: https://www.cse.lk/polyfills-es2015.3020b94c9deb9596b1d2.js, line 1: NotSupportedError: CustomElementRegistry.define: 'df-message-list' has already been defined as a custom element
JavaScript error: https://www.cse.lk/polyfills-es2015.3020b94c9deb9596b1d2.js, line 1: NotSupportedError: CustomElementRegistry.define: 'df-message-list' has already been defined as a custom element
1638338888328	Marionette	INFO	Stopped listening on port 62794

###!!! [Parent][RunMessage] Error: Channel closing: too late to send/recv, messages will be lost

1638338917763	geckodriver	INFO	Listening on 127.0.0.1:63013
1638338917772	mozrunner::runner	INFO	Running command: "/Applications/Firefox.app/Contents/MacOS/firefox-bin" "--marionette" "--headless" "-foreground" "-no-remote" "-profile" "/var/folders/zj/64pcvrn117b35wx61ttyc22dy4rksl/T/rust_mozprofilezS8GGU"
*** You are running in headless mode.
console.error: Policies.jsm: 
  Unable to find certificate - gnm_root_ca.cer
1638338918031	Marionette	INFO	Marionette enabled
[GFX1-]: RenderCompositorSWGL failed mapping default framebuffer, no dt
console.warn: SearchSettings: "get: No settings file exists, new profile?" (new NotFoundError("Could not open the file at /var/folders/zj/64pcvrn117b35wx61ttyc22dy4rksl/T/rust_mozprofilezS8GGU/search.json.mozlz4", (void 0)))
console.error: BackgroundUpdate: 
  _reasonsToNotScheduleUpdates: Failed to check for Maintenance Service Registry Key: [Exception... "Component returned failure code: 0x80004001 (NS_ERROR_NOT_IMPLEMENTED) [nsIUpdateProcessor.getServiceRegKeyExists]"  nsresult: "0x80004001 (NS_ERROR_NOT_IMPLEMENTED)"  location: "JS frame :: resource://gre/modules/BackgroundUpdate.jsm :: _reasonsToNotScheduleUpdates :: line 243"  data: no]
1638338918837	Marionette	INFO	Listening on port 63022
1638338918911	RemoteAgent	WARN	TLS certificate errors will be ignored for this session
JavaScript error: https://www.cse.lk/polyfills-es2015.3020b94c9deb9596b1d2.js, line 1: NotSupportedError: CustomElementRegistry.define: 'df-message-list' has already been defined as a custom element
JavaScript error: https://www.cse.lk/polyfills-es2015.3020b94c9deb9596b1d2.js, line 1: NotSupportedError: CustomElementRegistry.define: 'df-message-list' has already been defined as a custom element
JavaScript error: https://www.cse.lk/polyfills-es2015.3020b94c9deb9596b1d2.js, line 1: NotSupportedError: CustomElementRegistry.define: 'df-message-list' has already been defined as a custom element
1638338922040	Marionette	INFO	Stopped listening on port 63022

###!!! [Parent][RunMessage] Error: Channel closing: too late to send/recv, messages will be lost

1638338938661	geckodriver	INFO	Listening on 127.0.0.1:63182
1638338938669	mozrunner::runner	INFO	Running command: "/Applications/Firefox.app/Contents/MacOS/firefox-bin" "--marionette" "--headless" "-foreground" "-no-remote" "-profile" "/var/folders/zj/64pcvrn117b35wx61ttyc22dy4rksl/T/rust_mozprofile1Fjxxp"
*** You are running in headless mode.
console.error: Policies.jsm: 
  Unable to find certificate - gnm_root_ca.cer
1638338938934	Marionette	INFO	Marionette enabled
[GFX1-]: RenderCompositorSWGL failed mapping default framebuffer, no dt
console.warn: SearchSettings: "get: No settings file exists, new profile?" (new NotFoundError("Could not open the file at /var/folders/zj/64pcvrn117b35wx61ttyc22dy4rksl/T/rust_mozprofile1Fjxxp/search.json.mozlz4", (void 0)))
console.error: BackgroundUpdate: 
  _reasonsToNotScheduleUpdates: Failed to check for Maintenance Service Registry Key: [Exception... "Component returned failure code: 0x80004001 (NS_ERROR_NOT_IMPLEMENTED) [nsIUpdateProcessor.getServiceRegKeyExists]"  nsresult: "0x80004001 (NS_ERROR_NOT_IMPLEMENTED)"  location: "JS frame :: resource://gre/modules/BackgroundUpdate.jsm :: _reasonsToNotScheduleUpdates :: line 243"  data: no]
1638338939759	Marionette	INFO	Listening on port 63191
1638338939819	RemoteAgent	WARN	TLS certificate errors will be ignored for this session
JavaScript error: https://www.cse.lk/polyfills-es2015.3020b94c9deb9596b1d2.js, line 1: NotSupportedError: CustomElementRegistry.define: 'df-message-list' has already been defined as a custom element
JavaScript error: https://www.cse.lk/polyfills-es2015.3020b94c9deb9596b1d2.js, line 1: NotSupportedError: CustomElementRegistry.define: 'df-message-list' has already been defined as a custom element
JavaScript error: https://www.cse.lk/polyfills-es2015.3020b94c9deb9596b1d2.js, line 1: NotSupportedError: CustomElementRegistry.define: 'df-message-list' has already been defined as a custom element
1638338944182	Marionette	INFO	Stopped listening on port 63191

###!!! [Parent][RunMessage] Error: Channel closing: too late to send/recv, messages will be lost

1638338965174	geckodriver	INFO	Listening on 127.0.0.1:63386
1638338965183	mozrunner::runner	INFO	Running command: "/Applications/Firefox.app/Contents/MacOS/firefox-bin" "--marionette" "--headless" "-foreground" "-no-remote" "-profile" "/var/folders/zj/64pcvrn117b35wx61ttyc22dy4rksl/T/rust_mozprofiler0xRQp"
*** You are running in headless mode.
console.error: Policies.jsm: 
  Unable to find certificate - gnm_root_ca.cer
1638338965437	Marionette	INFO	Marionette enabled
[GFX1-]: RenderCompositorSWGL failed mapping default framebuffer, no dt
console.warn: SearchSettings: "get: No settings file exists, new profile?" (new NotFoundError("Could not open the file at /var/folders/zj/64pcvrn117b35wx61ttyc22dy4rksl/T/rust_mozprofiler0xRQp/search.json.mozlz4", (void 0)))
console.error: BackgroundUpdate: 
  _reasonsToNotScheduleUpdates: Failed to check for Maintenance Service Registry Key: [Exception... "Component returned failure code: 0x80004001 (NS_ERROR_NOT_IMPLEMENTED) [nsIUpdateProcessor.getServiceRegKeyExists]"  nsresult: "0x80004001 (NS_ERROR_NOT_IMPLEMENTED)"  location: "JS frame :: resource://gre/modules/BackgroundUpdate.jsm :: _reasonsToNotScheduleUpdates :: line 243"  data: no]
1638338966253	Marionette	INFO	Listening on port 63395
1638338966319	RemoteAgent	WARN	TLS certificate errors will be ignored for this session
JavaScript error: https://www.cse.lk/polyfills-es2015.3020b94c9deb9596b1d2.js, line 1: NotSupportedError: CustomElementRegistry.define: 'df-message-list' has already been defined as a custom element
JavaScript error: https://www.cse.lk/polyfills-es2015.3020b94c9deb9596b1d2.js, line 1: NotSupportedError: CustomElementRegistry.define: 'df-message-list' has already been defined as a custom element
JavaScript error: https://www.cse.lk/polyfills-es2015.3020b94c9deb9596b1d2.js, line 1: NotSupportedError: CustomElementRegistry.define: 'df-message-list' has already been defined as a custom element
1638338970305	Marionette	INFO	Stopped listening on port 63395

###!!! [Parent][RunMessage] Error: Channel closing: too late to send/recv, messages will be lost

1638339251287	geckodriver	INFO	Listening on 127.0.0.1:44913
1638339251711	mozrunner::runner	INFO	Running command: "/usr/bin/firefox" "--marionette" "--headless" "--remote-debugging-port" "41863" "-no-remote" "-profile" "/tmp/rust_mozprofilesoyHOm"
*** You are running in headless mode.
[GFX1-]: glxtest: Unable to open a connection to the X server
[GFX1-]: glxtest: libEGL missing
1638339256774	Marionette	INFO	Marionette enabled
[GFX1-]: RenderCompositorSWGL failed mapping default framebuffer, no dt
console.warn: SearchSettings: "get: No settings file exists, new profile?" (new NotFoundError("Could not open the file at /tmp/rust_mozprofilesoyHOm/search.json.mozlz4", (void 0)))
DevTools listening on ws://localhost:41863/devtools/browser/1cabeef0-b582-4a4e-8760-a500b58290d4
1638339260205	Marionette	INFO	Listening on port 45009
1638339260286	RemoteAgent	WARN	TLS certificate errors will be ignored for this session
JavaScript error: https://www.cse.lk/polyfills-es2015.3020b94c9deb9596b1d2.js, line 1: NotSupportedError: CustomElementRegistry.define: 'df-message-list' has already been defined as a custom element
JavaScript error: https://www.cse.lk/polyfills-es2015.3020b94c9deb9596b1d2.js, line 1: NotSupportedError: CustomElementRegistry.define: 'df-message-list' has already been defined as a custom element
JavaScript error: https://www.cse.lk/polyfills-es2015.3020b94c9deb9596b1d2.js, line 1: NotSupportedError: CustomElementRegistry.define: 'df-message-list' has already been defined as a custom element
1638339266487	Marionette	INFO	Stopped listening on port 45009
1638339414787	geckodriver	INFO	Listening on 127.0.0.1:46707
1638339415066	mozrunner::runner	INFO	Running command: "/usr/bin/firefox" "--marionette" "--headless" "--remote-debugging-port" "43563" "-no-remote" "-profile" "/tmp/rust_mozprofileGF1jg7"
*** You are running in headless mode.
[GFX1-]: glxtest: Unable to open a connection to the X server
[GFX1-]: glxtest: libEGL missing
1638339422173	Marionette	INFO	Marionette enabled
[GFX1-]: RenderCompositorSWGL failed mapping default framebuffer, no dt
console.warn: SearchSettings: "get: No settings file exists, new profile?" (new NotFoundError("Could not open the file at /tmp/rust_mozprofileGF1jg7/search.json.mozlz4", (void 0)))
DevTools listening on ws://localhost:43563/devtools/browser/dd82de93-de90-414f-91fe-7dcc40364410
1638339426463	Marionette	INFO	Listening on port 35503
1638339426562	RemoteAgent	WARN	TLS certificate errors will be ignored for this session
JavaScript error: https://www.cse.lk/polyfills-es2015.3020b94c9deb9596b1d2.js, line 1: NotSupportedError: CustomElementRegistry.define: 'df-message-list' has already been defined as a custom element
JavaScript error: https://www.cse.lk/polyfills-es2015.3020b94c9deb9596b1d2.js, line 1: NotSupportedError: CustomElementRegistry.define: 'df-message-list' has already been defined as a custom element
JavaScript error: https://www.cse.lk/polyfills-es2015.3020b94c9deb9596b1d2.js, line 1: NotSupportedError: CustomElementRegistry.define: 'df-message-list' has already been defined as a custom element
1638339433142	Marionette	INFO	Stopped listening on port 35503
1638339840981	geckodriver	INFO	Listening on 127.0.0.1:50786
1638339840991	mozrunner::runner	INFO	Running command: "/Applications/Firefox.app/Contents/MacOS/firefox-bin" "--marionette" "--headless" "-foreground" "-no-remote" "-profile" "/var/folders/zj/64pcvrn117b35wx61ttyc22dy4rksl/T/rust_mozprofileXm0OXA"
*** You are running in headless mode.
console.error: Policies.jsm: 
  Unable to find certificate - gnm_root_ca.cer
1638339841264	Marionette	INFO	Marionette enabled
[GFX1-]: RenderCompositorSWGL failed mapping default framebuffer, no dt
console.warn: SearchSettings: "get: No settings file exists, new profile?" (new NotFoundError("Could not open the file at /var/folders/zj/64pcvrn117b35wx61ttyc22dy4rksl/T/rust_mozprofileXm0OXA/search.json.mozlz4", (void 0)))
console.error: BackgroundUpdate: 
  _reasonsToNotScheduleUpdates: Failed to check for Maintenance Service Registry Key: [Exception... "Component returned failure code: 0x80004001 (NS_ERROR_NOT_IMPLEMENTED) [nsIUpdateProcessor.getServiceRegKeyExists]"  nsresult: "0x80004001 (NS_ERROR_NOT_IMPLEMENTED)"  location: "JS frame :: resource://gre/modules/BackgroundUpdate.jsm :: _reasonsToNotScheduleUpdates :: line 243"  data: no]
1638339842095	Marionette	INFO	Listening on port 50795
1638339842145	RemoteAgent	WARN	TLS certificate errors will be ignored for this session
JavaScript error: https://www.cse.lk/polyfills-es2015.3020b94c9deb9596b1d2.js, line 1: NotSupportedError: CustomElementRegistry.define: 'df-message-list' has already been defined as a custom element
JavaScript error: https://www.cse.lk/polyfills-es2015.3020b94c9deb9596b1d2.js, line 1: NotSupportedError: CustomElementRegistry.define: 'df-message-list' has already been defined as a custom element
JavaScript error: https://www.cse.lk/polyfills-es2015.3020b94c9deb9596b1d2.js, line 1: NotSupportedError: CustomElementRegistry.define: 'df-message-list' has already been defined as a custom element
1638339845380	Marionette	INFO	Stopped listening on port 50795

###!!! [Parent][RunMessage] Error: Channel closing: too late to send/recv, messages will be lost

